2025-08-26 14:10:05 INFO  ExtentReport.Log - I am in onStart method Test1
2025-08-26 14:10:10 INFO  ExtentReport.Log - loginToCRM test is starting.
2025-08-26 14:10:10 INFO  ca.bc.gov.educ.ccof.selenium.TestCases.testOne - Starting the test...
2025-08-26 14:10:52 INFO  ExtentReport.Log - loginToCRM test is succeed.
2025-08-26 14:10:52 INFO  ExtentReport.Log - loginToCRMOne test is starting.
2025-08-26 14:10:52 INFO  ca.bc.gov.educ.ccof.selenium.TestCases.testOne - Starting the test...
2025-08-26 14:10:57 INFO  ExtentReport.Log - loginToCRMOne test is failed.
2025-08-26 14:11:03 INFO  ExtentReport.Log - I am in onFinish method Test1
2025-08-26 15:00:56 INFO  ca.bc.gov.educ.ccof.selenium.TestCases.LoginTest - Starting the test...
2025-08-26 15:02:22 INFO  ca.bc.gov.educ.ccof.selenium.TestCases.LoginTest - Starting the test...
2025-08-26 15:04:45 INFO  ca.bc.gov.educ.ccof.selenium.TestCases.LoginTest - Starting the test...
2025-08-26 15:07:14 INFO  ca.bc.gov.educ.ccof.selenium.TestCases.LoginTest - Starting the test...
2025-08-27 11:10:30 INFO  ca.bc.gov.educ.ccof.selenium.TestCases.LoginTest - Starting the test...
2025-08-27 11:14:51 INFO  ca.bc.gov.educ.ccof.selenium.TestCases.LoginTest - Starting the test...
2025-08-27 11:16:56 INFO  ExtentReport.Log - I am in onStart method Test1
2025-08-27 11:17:04 INFO  ExtentReport.Log - loginToCRM test is starting.
2025-08-27 11:17:04 INFO  ca.bc.gov.educ.ccof.selenium.TestCases.LoginTest - Starting the test...
2025-08-27 11:17:06 INFO  ExtentReport.Log - loginToCRM test is failed.
2025-08-27 11:17:06 INFO  ExtentReport.Log - loginToCRM test is starting.
2025-08-27 11:17:06 INFO  ca.bc.gov.educ.ccof.selenium.TestCases.LoginTest - Starting the test...
2025-08-27 11:17:47 INFO  ExtentReport.Log - loginToCRM test is succeed.
2025-08-27 11:17:58 INFO  ExtentReport.Log - I am in onFinish method Test1
2025-08-27 12:36:39 INFO  ca.bc.gov.educ.ccof.selenium.TestCases.LoginTest - Starting the test...
2025-08-27 12:38:03 INFO  ca.bc.gov.educ.ccof.selenium.TestCases.LoginTest - Starting the test...
2025-08-27 12:42:27 INFO  ca.bc.gov.educ.ccof.selenium.TestCases.LoginTest - Starting the test...
2025-08-27 13:09:02 INFO  ExtentReport.Log - I am in onStart method Test1
2025-08-27 13:09:10 INFO  ExtentReport.Log - loginToCRM test is starting.
2025-08-27 13:09:10 INFO  ca.bc.gov.educ.ccof.selenium.TestCases.LoginTest - Starting the test...
2025-08-27 13:09:10 INFO  ExtentReport.Log - loginToCRM test is failed.
2025-08-27 13:09:10 INFO  ExtentReport.Log - loginToCRM test is starting.
2025-08-27 13:09:10 INFO  ca.bc.gov.educ.ccof.selenium.TestCases.LoginTest - Starting the test...
2025-08-27 13:09:52 INFO  ExtentReport.Log - loginToCRM test is failed.
2025-08-27 13:10:03 INFO  ExtentReport.Log - I am in onFinish method Test1
2025-08-27 13:13:01 INFO  ExtentReport.Log - I am in onStart method Test1
2025-08-27 13:13:10 INFO  ExtentReport.Log - loginToCRM test is starting.
2025-08-27 13:13:10 INFO  ca.bc.gov.educ.ccof.selenium.TestCases.LoginTest - Starting the test...
2025-08-27 13:13:46 INFO  ExtentReport.Log - loginToCRM test is failed.
2025-08-27 13:13:47 INFO  ExtentReport.Log - loginToCRM test is starting.
2025-08-27 13:13:47 INFO  ca.bc.gov.educ.ccof.selenium.TestCases.LoginTest - Starting the test...
2025-08-27 13:16:08 INFO  ExtentReport.Log - loginToCRM test is failed.
2025-08-27 13:16:19 INFO  ExtentReport.Log - I am in onFinish method Test1
2025-08-27 13:33:58 INFO  ExtentReport.Log - I am in onStart method Test1
2025-08-27 13:34:08 INFO  ExtentReport.Log - loginToCRM test is starting.
2025-08-27 13:34:08 INFO  ca.bc.gov.educ.ccof.selenium.TestCases.LoginTest - Starting the test...
2025-08-27 13:34:08 INFO  ExtentReport.Log - loginToCRM test is failed.
2025-08-27 13:34:08 INFO  ExtentReport.Log - loginToCRM test is starting.
2025-08-27 13:34:08 INFO  ca.bc.gov.educ.ccof.selenium.TestCases.LoginTest - Starting the test...
2025-08-27 13:34:49 INFO  ExtentReport.Log - loginToCRM test is failed.
2025-08-27 13:35:00 INFO  ExtentReport.Log - I am in onFinish method Test1
2025-08-28 10:11:33 INFO  ca.bc.gov.educ.ccof.selenium.TestCases.LoginTest - Starting the test...
2025-08-28 10:13:00 INFO  ca.bc.gov.educ.ccof.selenium.TestCases.LoginTest - Starting the test...
2025-08-28 10:15:01 INFO  ca.bc.gov.educ.ccof.selenium.TestCases.LoginTest - Starting the test...
2025-08-28 10:28:23 INFO  ca.bc.gov.educ.ccof.selenium.TestCases.LoginTest - Starting the test...
2025-08-28 10:44:53 INFO  ca.bc.gov.educ.ccof.selenium.TestCases.LoginTest - Starting the test...
2025-08-28 11:05:07 INFO  ca.bc.gov.educ.ccof.selenium.TestCases.LoginTest - Starting the test...
2025-08-28 11:05:08 INFO  ca.bc.gov.educ.ccof.selenium.TestCases.LoginTest - Starting the test...
2025-08-28 11:08:55 INFO  ca.bc.gov.educ.ccof.selenium.TestCases.LoginTest - Starting the test...
2025-08-28 11:08:57 INFO  ca.bc.gov.educ.ccof.selenium.TestCases.LoginTest - Starting the test...
2025-08-28 11:21:11 INFO  ca.bc.gov.educ.ccof.selenium.TestCases.LoginTest - Starting the test...
2025-08-28 12:57:01 INFO  ca.bc.gov.educ.ccof.selenium.TestCases.LoginTest - Starting the test...
2025-08-28 13:08:06 INFO  ca.bc.gov.educ.ccof.selenium.TestCases.LoginTest - Starting the test...
2025-08-28 13:09:32 INFO  ca.bc.gov.educ.ccof.selenium.TestCases.LoginTest - Starting the test...
2025-08-28 13:23:54 INFO  ca.bc.gov.educ.ccof.selenium.TestCases.LoginTest - Starting the test...
2025-08-28 13:27:29 INFO  ca.bc.gov.educ.ccof.selenium.TestCases.LoginTest - Starting the test...
2025-08-28 13:29:26 INFO  ca.bc.gov.educ.ccof.selenium.TestCases.LoginTest - Starting the test...
2025-08-28 13:36:30 INFO  ca.bc.gov.educ.ccof.selenium.TestCases.LoginTest - Starting the test...
2025-08-29 11:24:57 INFO  ca.bc.gov.educ.ccof.selenium.TestCases.LoginTest - Starting the test...
2025-08-29 11:29:10 INFO  ca.bc.gov.educ.ccof.selenium.TestCases.LoginTest - Starting the test...
2025-08-29 11:29:53 INFO  ca.bc.gov.educ.ccof.selenium.TestCases.LoginTest - Starting the test...
2025-08-29 11:49:44 INFO  ca.bc.gov.educ.ccof.selenium.TestCases.LoginTest - Starting the test...
2025-08-29 12:11:35 INFO  ca.bc.gov.educ.ccof.selenium.TestCases.LoginTest - Starting the test...
2025-08-29 12:12:50 INFO  ca.bc.gov.educ.ccof.selenium.TestCases.LoginTest - Starting the test...
2025-08-29 12:14:29 INFO  ca.bc.gov.educ.ccof.selenium.TestCases.LoginTest - Ending the test...
2025-08-29 13:35:00 INFO  ca.bc.gov.educ.ccof.selenium.TestCases.LoginTest - Starting the test...
2025-08-29 13:35:58 INFO  ca.bc.gov.educ.ccof.selenium.TestCases.LoginTest - Starting the test...
2025-08-29 13:41:32 INFO  ExtentReport.Log - I am in onStart method Test1
2025-08-29 13:41:43 INFO  ExtentReport.Log - loginToCRM test is starting.
2025-08-29 13:41:43 INFO  ca.bc.gov.educ.ccof.selenium.TestCases.LoginTest - Starting the test...
2025-08-29 13:41:44 INFO  ExtentReport.Log - loginToCRM test is failed.
2025-08-29 13:41:45 INFO  ExtentReport.Log - loginToCRM test is starting.
2025-08-29 13:41:45 INFO  ca.bc.gov.educ.ccof.selenium.TestCases.LoginTest - Starting the test...
2025-08-29 13:41:47 INFO  ExtentReport.Log - loginToCRM test is failed.
2025-08-29 13:41:59 INFO  ExtentReport.Log - I am in onFinish method Test1
2025-08-29 13:45:16 INFO  ExtentReport.Log - I am in onStart method Test1
2025-08-29 13:45:27 INFO  ExtentReport.Log - loginToCRM test is starting.
2025-08-29 13:45:27 INFO  ca.bc.gov.educ.ccof.selenium.TestCases.LoginTest - Starting the test...
2025-08-29 13:45:28 INFO  ExtentReport.Log - loginToCRM test is failed.
2025-08-29 13:45:28 INFO  ExtentReport.Log - loginToCRM test is starting.
2025-08-29 13:45:28 INFO  ca.bc.gov.educ.ccof.selenium.TestCases.LoginTest - Starting the test...
2025-08-29 13:47:11 INFO  ExtentReport.Log - I am in onStart method Test1
2025-08-29 13:47:21 INFO  ExtentReport.Log - loginToCRM test is starting.
2025-08-29 13:47:21 INFO  ca.bc.gov.educ.ccof.selenium.TestCases.LoginTest - Starting the test...
2025-08-29 13:48:24 INFO  ExtentReport.Log - I am in onStart method Test1
2025-08-29 13:48:35 INFO  ExtentReport.Log - loginToCRM test is starting.
2025-08-29 13:48:35 INFO  ca.bc.gov.educ.ccof.selenium.TestCases.LoginTest - Starting the test...
2025-08-29 13:49:09 INFO  ExtentReport.Log - loginToCRM test is succeed.
2025-08-29 13:49:09 INFO  ExtentReport.Log - loginToCRM test is starting.
2025-08-29 13:49:09 INFO  ca.bc.gov.educ.ccof.selenium.TestCases.LoginTest - Starting the test...
2025-08-29 13:50:09 INFO  ExtentReport.Log - loginToCRM test is failed.
2025-08-29 13:50:15 INFO  ExtentReport.Log - I am in onFinish method Test1
2025-08-29 13:57:55 INFO  ca.bc.gov.educ.ccof.selenium.TestCases.LoginTest - Starting the test...
2025-08-29 14:00:06 INFO  ExtentReport.Log - I am in onStart method Test1
2025-08-29 14:00:17 INFO  ExtentReport.Log - loginToCRM test is starting.
2025-08-29 14:00:17 INFO  ca.bc.gov.educ.ccof.selenium.TestCases.LoginTest - Starting the test...
2025-08-29 14:00:40 INFO  ExtentReport.Log - loginToCRM test is succeed.
2025-08-29 14:00:40 INFO  ExtentReport.Log - loginToCRM test is starting.
2025-08-29 14:00:40 INFO  ca.bc.gov.educ.ccof.selenium.TestCases.LoginTest - Starting the test...
2025-08-29 14:01:41 INFO  ExtentReport.Log - loginToCRM test is failed.
2025-08-29 14:01:46 INFO  ExtentReport.Log - I am in onFinish method Test1
2025-08-29 14:04:10 INFO  ExtentReport.Log - I am in onStart method Test1
2025-08-29 14:04:20 INFO  ExtentReport.Log - loginToCRM test is starting.
2025-08-29 14:04:21 INFO  ca.bc.gov.educ.ccof.selenium.TestCases.LoginTest - Starting the test...
2025-08-29 14:04:44 INFO  ExtentReport.Log - loginToCRM test is succeed.
2025-08-29 14:04:44 INFO  ExtentReport.Log - loginToCRM test is starting.
2025-08-29 14:04:44 INFO  ca.bc.gov.educ.ccof.selenium.TestCases.LoginTest - Starting the test...
2025-08-29 14:05:44 INFO  ExtentReport.Log - loginToCRM test is failed.
2025-08-29 14:05:44 INFO  ExtentReport.Log - I am in onFinish method Test1
2025-09-08 09:39:17 INFO  ExtentReport.Log - I am in onStart method Test1
2025-09-08 09:39:49 INFO  ExtentReport.Log - loginToCRM test is starting.
2025-09-08 09:39:49 INFO  ca.bc.gov.educ.ccof.selenium.TestCases.LoginTest - Starting the test...
2025-09-08 09:40:30 INFO  ExtentReport.Log - loginToCRM test is succeed.
2025-09-08 09:40:30 INFO  ExtentReport.Log - loginToCRM test is starting.
2025-09-08 09:40:30 INFO  ca.bc.gov.educ.ccof.selenium.TestCases.LoginTest - Starting the test...
2025-09-08 09:41:48 INFO  ExtentReport.Log - loginToCRM test is failed.
2025-09-08 09:43:50 INFO  ExtentReport.Log - I am in onStart method Test1
2025-09-08 09:44:11 INFO  ExtentReport.Log - loginToCRM test is starting.
2025-09-08 09:44:17 INFO  ca.bc.gov.educ.ccof.selenium.TestCases.LoginTest - Starting the test...
2025-09-08 09:45:12 INFO  ExtentReport.Log - loginToCRM test is succeed.
2025-09-08 09:45:12 INFO  ExtentReport.Log - loginToCRM test is starting.
2025-09-08 09:51:01 INFO  ExtentReport.Log - I am in onStart method Test1
2025-09-08 09:51:40 INFO  ExtentReport.Log - loginToCRM test is starting.
2025-09-08 09:51:50 INFO  ca.bc.gov.educ.ccof.selenium.TestCases.LoginTest - Starting the test...
2025-09-08 09:52:37 INFO  ExtentReport.Log - loginToCRM test is succeed.
2025-09-08 09:52:37 INFO  ExtentReport.Log - loginToCRM test is starting.
2025-09-08 09:54:36 INFO  ExtentReport.Log - I am in onStart method Test1
2025-09-08 09:54:41 INFO  ExtentReport.Log - loginToCRM test is starting.
2025-09-08 09:54:41 INFO  ca.bc.gov.educ.ccof.selenium.TestCases.LoginTest - Starting the test...
2025-09-08 09:55:19 INFO  ExtentReport.Log - loginToCRM test is succeed.
2025-09-08 09:55:19 INFO  ExtentReport.Log - loginToCRM1 test is starting.
2025-09-08 10:07:01 INFO  ExtentReport.Log - I am in onStart method Test1
2025-09-08 10:07:07 INFO  ExtentReport.Log - loginToCRM test is starting.
2025-09-08 10:07:07 INFO  ca.bc.gov.educ.ccof.selenium.TestCases.LoginTest - Starting the test...
2025-09-08 10:07:53 INFO  ExtentReport.Log - loginToCRM test is succeed.
2025-09-08 10:07:53 INFO  ExtentReport.Log - loginToCRM1 test is starting.
2025-09-08 10:20:52 INFO  ExtentReport.Log - I am in onStart method Test1
2025-09-08 10:20:57 INFO  ExtentReport.Log - loginToCRM test is starting.
2025-09-08 10:20:57 INFO  ca.bc.gov.educ.ccof.selenium.TestCases.LoginTest - Starting the test...
2025-09-08 10:21:42 INFO  ExtentReport.Log - loginToCRM test is succeed.
2025-09-08 10:22:38 INFO  ExtentReport.Log - I am in onStart method Test1
2025-09-08 10:22:44 INFO  ExtentReport.Log - loginToCRM test is starting.
2025-09-08 10:22:44 INFO  ca.bc.gov.educ.ccof.selenium.TestCases.LoginTest - Starting the test...
2025-09-08 10:23:11 INFO  ExtentReport.Log - loginToCRM test is succeed.
2025-09-08 10:23:21 INFO  ExtentReport.Log - loginToCRM test is starting.
2025-09-08 10:23:21 INFO  ca.bc.gov.educ.ccof.selenium.TestCases.LoginTest - Starting the test...
2025-09-08 10:24:01 INFO  ExtentReport.Log - loginToCRM test is failed.
2025-09-08 10:24:07 INFO  ExtentReport.Log - I am in onFinish method Test1
2025-09-08 10:50:19 INFO  ExtentReport.Log - I am in onStart method Test1
2025-09-08 10:50:28 INFO  ExtentReport.Log - loginToCRM test is starting.
2025-09-08 10:50:28 INFO  ca.bc.gov.educ.ccof.selenium.TestCases.LoginTest - Starting the test...
2025-09-08 10:50:55 INFO  ExtentReport.Log - loginToCRM test is succeed.
2025-09-08 10:51:01 INFO  ExtentReport.Log - loginToCRM test is starting.
2025-09-08 10:51:01 INFO  ca.bc.gov.educ.ccof.selenium.TestCases.LoginTest - Starting the test...
2025-09-08 10:51:42 INFO  ExtentReport.Log - loginToCRM test is failed.
2025-09-08 10:51:43 INFO  ExtentReport.Log - I am in onFinish method Test1
2025-09-08 10:57:21 INFO  ExtentReport.Log - I am in onStart method Test1
2025-09-08 10:57:26 INFO  ExtentReport.Log - loginToCRM test is starting.
2025-09-08 10:57:26 INFO  ca.bc.gov.educ.ccof.selenium.TestCases.LoginTest - Starting the test...
2025-09-08 10:57:53 INFO  ExtentReport.Log - loginToCRM test is succeed.
2025-09-08 10:58:00 INFO  ExtentReport.Log - Deleteapplication test is starting.
2025-09-08 10:58:00 INFO  ca.bc.gov.educ.ccof.selenium.TestCases.LoginTest - Starting the test...
2025-09-08 10:58:41 INFO  ExtentReport.Log - Deleteapplication test is failed.
2025-09-08 10:58:41 INFO  ExtentReport.Log - I am in onFinish method Test1
2025-09-08 11:58:19 INFO  ExtentReport.Log - I am in onStart method Test1
2025-09-08 11:58:25 INFO  ExtentReport.Log - loginToCRM test is starting.
2025-09-08 11:58:25 INFO  ca.bc.gov.educ.ccof.selenium.TestCases.LoginTest - Starting the test...
2025-09-08 11:58:52 INFO  ExtentReport.Log - loginToCRM test is succeed.
2025-09-08 11:58:57 INFO  ExtentReport.Log - Deleteapplication test is starting.
2025-09-08 11:58:57 INFO  ca.bc.gov.educ.ccof.selenium.TestCases.LoginTest - Starting the test...
2025-09-08 12:00:19 INFO  ca.bc.gov.educ.ccof.selenium.TestCases.LoginTest - Ending the test...
2025-09-08 12:00:19 INFO  ExtentReport.Log - Deleteapplication test is succeed.
2025-09-08 12:00:20 INFO  ExtentReport.Log - I am in onFinish method Test1
2025-09-09 09:57:26 INFO  ca.bc.gov.educ.ccof.selenium.TestCases.LoginTest - Starting the test...
2025-09-09 12:30:29 INFO  ca.bc.gov.educ.ccof.selenium.TestCases.LoginTest - Starting the test...
2025-09-09 12:32:40 INFO  ca.bc.gov.educ.ccof.selenium.TestCases.LoginTest - Starting the test...
2025-09-09 12:38:37 INFO  ca.bc.gov.educ.ccof.selenium.TestCases.LoginTest - Starting the test...
2025-09-09 12:39:58 INFO  ca.bc.gov.educ.ccof.selenium.TestCases.LoginTest - Ending the test...
2025-09-09 13:35:52 INFO  ca.bc.gov.educ.ccof.selenium.TestCases.ValidLogin - Starting the test...
2025-09-09 13:37:39 INFO  ca.bc.gov.educ.ccof.selenium.TestCases.ValidLogin - Starting the test...
2025-09-09 13:38:27 INFO  ca.bc.gov.educ.ccof.selenium.TestCases.ValidLogin - Starting the test...
2025-09-09 13:41:34 INFO  ca.bc.gov.educ.ccof.selenium.TestCases.ValidLogin - Starting the test...
2025-09-09 13:48:15 INFO  ca.bc.gov.educ.ccof.selenium.TestCases.ValidLogin - Starting the test...
2025-09-10 10:41:25 INFO  ca.bc.gov.educ.ccof.selenium.TestCases.ValidLogin - Starting the test...
2025-09-10 11:08:35 INFO  ca.bc.gov.educ.ccof.selenium.TestCases.ValidLogin - Starting the test...
2025-09-10 11:11:00 INFO  ca.bc.gov.educ.ccof.selenium.TestCases.ValidLogin - Starting the test...
2025-09-10 11:12:06 INFO  ca.bc.gov.educ.ccof.selenium.TestCases.ValidLogin - Starting the test...
2025-09-10 11:18:29 INFO  ca.bc.gov.educ.ccof.selenium.TestCases.ValidLogin - Starting the test...
2025-09-10 11:21:51 INFO  ca.bc.gov.educ.ccof.selenium.TestCases.ValidLogin - Starting the test...
2025-09-10 11:25:02 INFO  ca.bc.gov.educ.ccof.selenium.TestCases.ValidLogin - Starting the test...
2025-09-10 11:34:06 INFO  ca.bc.gov.educ.ccof.selenium.TestCases.ValidLogin - Starting the test...
2025-09-10 11:41:51 INFO  ca.bc.gov.educ.ccof.selenium.TestCases.ValidLogin - Starting the test...
2025-09-10 11:45:04 INFO  ca.bc.gov.educ.ccof.selenium.TestCases.ValidLogin - Starting the test...
2025-09-10 11:48:46 INFO  ca.bc.gov.educ.ccof.selenium.TestCases.ValidLogin - Starting the test...
2025-09-10 11:51:58 INFO  ca.bc.gov.educ.ccof.selenium.TestCases.ValidLogin - Starting the test...
2025-09-10 11:53:16 INFO  ca.bc.gov.educ.ccof.selenium.TestCases.ValidLogin - Ending the test...
2025-09-10 13:12:36 INFO  ExtentReport.Log - I am in onStart method Test1
2025-09-10 13:12:46 INFO  ExtentReport.Log - loginToCRM test is starting.
2025-09-10 13:12:46 INFO  ca.bc.gov.educ.ccof.selenium.TestCases.ValidLogin - Starting the test...
2025-09-10 13:12:58 INFO  ExtentReport.Log - loginToCRM test is failed.
2025-09-10 13:13:04 INFO  ExtentReport.Log - Deleteapplication test is starting.
2025-09-10 13:13:04 INFO  ca.bc.gov.educ.ccof.selenium.TestCases.ValidLogin - Starting the test...
2025-09-10 22:10:31 INFO  ExtentReport.Log - I am in onStart method Test1
2025-09-10 22:10:36 INFO  ExtentReport.Log - loginToCRM test is starting.
2025-09-10 22:10:36 INFO  ca.bc.gov.educ.ccof.selenium.TestCases.ValidLogin - Starting the test...
2025-09-10 22:10:53 INFO  ExtentReport.Log - loginToCRM test is failed.
2025-09-10 22:10:57 INFO  ExtentReport.Log - Deleteapplication test is starting.
2025-09-10 22:10:57 INFO  ca.bc.gov.educ.ccof.selenium.TestCases.ValidLogin - Starting the test...
2025-09-10 22:11:10 INFO  ExtentReport.Log - Deleteapplication test is failed.
2025-09-10 22:11:10 INFO  ExtentReport.Log - I am in onFinish method Test1
2025-09-10 22:11:40 INFO  ExtentReport.Log - I am in onStart method Test1
2025-09-10 22:11:44 INFO  ExtentReport.Log - loginToCRM test is starting.
2025-09-10 22:11:44 INFO  ca.bc.gov.educ.ccof.selenium.TestCases.ValidLogin - Starting the test...
2025-09-10 22:12:03 INFO  ExtentReport.Log - loginToCRM test is succeed.
2025-09-10 22:12:06 INFO  ExtentReport.Log - Deleteapplication test is starting.
2025-09-10 22:12:06 INFO  ca.bc.gov.educ.ccof.selenium.TestCases.ValidLogin - Starting the test...
2025-09-10 22:13:19 INFO  ca.bc.gov.educ.ccof.selenium.TestCases.ValidLogin - Ending the test...
2025-09-10 22:13:19 INFO  ExtentReport.Log - Deleteapplication test is succeed.
2025-09-10 22:13:19 INFO  ExtentReport.Log - I am in onFinish method Test1
2025-09-10 23:24:32 INFO  ExtentReport.Log - I am in onStart method Test1
2025-09-10 23:24:37 INFO  ExtentReport.Log - loginToCRM test is starting.
2025-09-10 23:24:37 INFO  ca.bc.gov.educ.ccof.selenium.TestCases.ValidLogin - Starting the test...
2025-09-10 23:24:47 INFO  ExtentReport.Log - loginToCRM test is succeed.
2025-09-10 23:24:51 INFO  ExtentReport.Log - Deleteapplication test is starting.
2025-09-10 23:24:51 INFO  ca.bc.gov.educ.ccof.selenium.TestCases.ValidLogin - Starting the test...
2025-09-10 23:26:35 INFO  ExtentReport.Log - Deleteapplication test is failed.
2025-09-10 23:26:36 INFO  ExtentReport.Log - Deleteapplication test is failed.
2025-09-10 23:26:36 INFO  ExtentReport.Log - I am in onFinish method Test1
